{"/Users/hsajwan001/Downloads/Ecom-Hacker-master/src/index.js": {"path":"/Users/hsajwan001/Downloads/Ecom-Hacker-master/src/index.js","statementMap":{"0":{"start":{"line":1,"column":32},"end":{"line":1,"column":93}},"1":{"start":{"line":1,"column":107},"end":{"line":1,"column":123}},"2":{"start":{"line":1,"column":138},"end":{"line":1,"column":168}},"3":{"start":{"line":2,"column":16},"end":{"line":2,"column":36}},"4":{"start":{"line":3,"column":13},"end":{"line":3,"column":29}},"5":{"start":{"line":4,"column":18},"end":{"line":4,"column":40}},"6":{"start":{"line":5,"column":19},"end":{"line":5,"column":42}},"7":{"start":{"line":6,"column":18},"end":{"line":6,"column":40}},"8":{"start":{"line":6,"column":60},"end":{"line":6,"column":95}},"9":{"start":{"line":7,"column":16},"end":{"line":7,"column":37}},"10":{"start":{"line":7,"column":55},"end":{"line":7,"column":88}},"11":{"start":{"line":8,"column":15},"end":{"line":8,"column":35}},"12":{"start":{"line":9,"column":11},"end":{"line":9,"column":38}},"13":{"start":{"line":9,"column":51},"end":{"line":9,"column":79}},"14":{"start":{"line":9,"column":118},"end":{"line":9,"column":172}},"15":{"start":{"line":11,"column":19},"end":{"line":11,"column":41}},"16":{"start":{"line":12,"column":0},"end":{"line":14,"column":1}},"17":{"start":{"line":13,"column":2},"end":{"line":13,"column":52}},"18":{"start":{"line":16,"column":14},"end":{"line":18,"column":43}},"19":{"start":{"line":21,"column":0},"end":{"line":21,"column":47}},"20":{"start":{"line":23,"column":0},"end":{"line":27,"column":33}}},"fnMap":{"0":{"name":"_interopRequireDefault","decl":{"start":{"line":9,"column":89},"end":{"line":9,"column":111}},"loc":{"start":{"line":9,"column":117},"end":{"line":9,"column":173}},"line":9}},"branchMap":{"0":{"loc":{"start":{"line":9,"column":125},"end":{"line":9,"column":171}},"type":"cond-expr","locations":[{"start":{"line":9,"column":149},"end":{"line":9,"column":152}},{"start":{"line":9,"column":155},"end":{"line":9,"column":171}}],"line":9},"1":{"loc":{"start":{"line":9,"column":125},"end":{"line":9,"column":146}},"type":"binary-expr","locations":[{"start":{"line":9,"column":125},"end":{"line":9,"column":128}},{"start":{"line":9,"column":132},"end":{"line":9,"column":146}}],"line":9},"2":{"loc":{"start":{"line":12,"column":0},"end":{"line":14,"column":1}},"type":"if","locations":[{"start":{"line":12,"column":0},"end":{"line":14,"column":1}},{"start":{"line":12,"column":0},"end":{"line":14,"column":1}}],"line":12}},"s":{"0":0,"1":0,"2":0,"3":0,"4":0,"5":0,"6":0,"7":0,"8":0,"9":0,"10":0,"11":0,"12":0,"13":0,"14":0,"15":0,"16":0,"17":0,"18":0,"19":0,"20":0},"f":{"0":0},"b":{"0":[0,0],"1":[0,0],"2":[0,0]}}
}
